Determining if the function sgemm_ exists failed with the following output:
Change Dir: /home/rschmarci/MSC-Thesis-repo/simulation/catkin_ws/build_isolated/ceres-solver/install/CMakeFiles/CMakeTmp

Run Build Command(s):/usr/bin/ninja cmTC_8983a && [1/2] Building C object CMakeFiles/cmTC_8983a.dir/CheckFunctionExists.c.o
[2/2] Linking C executable cmTC_8983a
FAILED: cmTC_8983a 
: && /usr/bin/cc -DCHECK_FUNCTION_EXISTS=sgemm_  -rdynamic CMakeFiles/cmTC_8983a.dir/CheckFunctionExists.c.o  -o cmTC_8983a   && :
CMakeFiles/cmTC_8983a.dir/CheckFunctionExists.c.o: In function `main':
CheckFunctionExists.c:(.text+0x10): undefined reference to `sgemm_'
collect2: error: ld returned 1 exit status
ninja: build stopped: subcommand failed.



Performing C SOURCE FILE Test CMAKE_HAVE_LIBC_PTHREAD failed with the following output:
Change Dir: /home/rschmarci/MSC-Thesis-repo/simulation/catkin_ws/build_isolated/ceres-solver/install/CMakeFiles/CMakeTmp

Run Build Command(s):/usr/bin/ninja cmTC_026c8 && [1/2] Building C object CMakeFiles/cmTC_026c8.dir/src.c.o
[2/2] Linking C executable cmTC_026c8
FAILED: cmTC_026c8 
: && /usr/bin/cc -DCMAKE_HAVE_LIBC_PTHREAD  -rdynamic CMakeFiles/cmTC_026c8.dir/src.c.o  -o cmTC_026c8   && :
CMakeFiles/cmTC_026c8.dir/src.c.o: In function `main':
src.c:(.text+0x3e): undefined reference to `pthread_create'
src.c:(.text+0x4a): undefined reference to `pthread_detach'
src.c:(.text+0x5b): undefined reference to `pthread_join'
src.c:(.text+0x6f): undefined reference to `pthread_atfork'
collect2: error: ld returned 1 exit status
ninja: build stopped: subcommand failed.


Source file was:
#include <pthread.h>

void* test_func(void* data)
{
  return data;
}

int main(void)
{
  pthread_t thread;
  pthread_create(&thread, NULL, test_func, NULL);
  pthread_detach(thread);
  pthread_join(thread, NULL);
  pthread_atfork(NULL, NULL, NULL);
  pthread_exit(NULL);

  return 0;
}

Determining if the function pthread_create exists in the pthreads failed with the following output:
Change Dir: /home/rschmarci/MSC-Thesis-repo/simulation/catkin_ws/build_isolated/ceres-solver/install/CMakeFiles/CMakeTmp

Run Build Command(s):/usr/bin/ninja cmTC_feced && [1/2] Building C object CMakeFiles/cmTC_feced.dir/CheckFunctionExists.c.o
[2/2] Linking C executable cmTC_feced
FAILED: cmTC_feced 
: && /usr/bin/cc -DCHECK_FUNCTION_EXISTS=pthread_create  -rdynamic CMakeFiles/cmTC_feced.dir/CheckFunctionExists.c.o  -o cmTC_feced  -lpthreads && :
/usr/bin/ld: cannot find -lpthreads
collect2: error: ld returned 1 exit status
ninja: build stopped: subcommand failed.



Determining if the function cheev_ exists failed with the following output:
Change Dir: /home/rschmarci/MSC-Thesis-repo/simulation/catkin_ws/build_isolated/ceres-solver/install/CMakeFiles/CMakeTmp

Run Build Command(s):/usr/bin/ninja cmTC_ce50b && [1/2] Building C object CMakeFiles/cmTC_ce50b.dir/CheckFunctionExists.c.o
[2/2] Linking C executable cmTC_ce50b
FAILED: cmTC_ce50b 
: && /usr/bin/cc -DCHECK_FUNCTION_EXISTS=cheev_  -rdynamic CMakeFiles/cmTC_ce50b.dir/CheckFunctionExists.c.o  -o cmTC_ce50b  /usr/lib/x86_64-linux-gnu/libf77blas.so /usr/lib/x86_64-linux-gnu/libatlas.so && :
CMakeFiles/cmTC_ce50b.dir/CheckFunctionExists.c.o: In function `main':
CheckFunctionExists.c:(.text+0x10): undefined reference to `cheev_'
collect2: error: ld returned 1 exit status
ninja: build stopped: subcommand failed.



Determining if the pthread_create exist failed with the following output:
Change Dir: /home/rschmarci/MSC-Thesis-repo/simulation/catkin_ws/build_isolated/ceres-solver/install/CMakeFiles/CMakeTmp

Run Build Command:"/usr/bin/ninja" "cmTC_bbf62"
[1/2] Building C object CMakeFiles/cmTC_bbf62.dir/CheckSymbolExists.c.o
[2/2] Linking C executable cmTC_bbf62
FAILED: cmTC_bbf62 
: && /usr/bin/cc   -rdynamic CMakeFiles/cmTC_bbf62.dir/CheckSymbolExists.c.o  -o cmTC_bbf62   && :
CMakeFiles/cmTC_bbf62.dir/CheckSymbolExists.c.o: In function `main':
CheckSymbolExists.c:(.text+0x1b): undefined reference to `pthread_create'
collect2: error: ld returned 1 exit status
ninja: build stopped: subcommand failed.

File /home/rschmarci/MSC-Thesis-repo/simulation/catkin_ws/build_isolated/ceres-solver/install/CMakeFiles/CMakeTmp/CheckSymbolExists.c:
/* */
#include <pthread.h>

int main(int argc, char** argv)
{
  (void)argv;
#ifndef pthread_create
  return ((int*)(&pthread_create))[argc];
#else
  (void)argc;
  return 0;
#endif
}

