Determining if the pthread_create exist failed with the following output:
Change Dir: /home/rschmarci/MSC-Thesis-repo/simulation/catkin_ws/build_isolated/gazebo_plugins/CMakeFiles/CMakeTmp

Run Build Command:"/usr/bin/ninja" "cmTC_8894a"
[1/2] Building C object CMakeFiles/cmTC_8894a.dir/CheckSymbolExists.c.o
[2/2] Linking C executable cmTC_8894a
FAILED: cmTC_8894a 
: && /usr/bin/cc   -rdynamic CMakeFiles/cmTC_8894a.dir/CheckSymbolExists.c.o  -o cmTC_8894a   && :
CMakeFiles/cmTC_8894a.dir/CheckSymbolExists.c.o: In function `main':
CheckSymbolExists.c:(.text+0x1b): undefined reference to `pthread_create'
collect2: error: ld returned 1 exit status
ninja: build stopped: subcommand failed.

File /home/rschmarci/MSC-Thesis-repo/simulation/catkin_ws/build_isolated/gazebo_plugins/CMakeFiles/CMakeTmp/CheckSymbolExists.c:
/* */
#include <pthread.h>

int main(int argc, char** argv)
{
  (void)argv;
#ifndef pthread_create
  return ((int*)(&pthread_create))[argc];
#else
  (void)argc;
  return 0;
#endif
}

Determining if the function pthread_create exists in the pthreads failed with the following output:
Change Dir: /home/rschmarci/MSC-Thesis-repo/simulation/catkin_ws/build_isolated/gazebo_plugins/CMakeFiles/CMakeTmp

Run Build Command:"/usr/bin/ninja" "cmTC_91591"
[1/2] Building C object CMakeFiles/cmTC_91591.dir/CheckFunctionExists.c.o
[2/2] Linking C executable cmTC_91591
FAILED: cmTC_91591 
: && /usr/bin/cc -DCHECK_FUNCTION_EXISTS=pthread_create  -rdynamic CMakeFiles/cmTC_91591.dir/CheckFunctionExists.c.o  -o cmTC_91591  -lpthreads && :
/usr/bin/ld: cannot find -lpthreads
collect2: error: ld returned 1 exit status
ninja: build stopped: subcommand failed.


