Determining if the pthread_create exist failed with the following output:
Change Dir: /home/rschmarci/MSC-Thesis-repo/simulation/catkin_ws/build_isolated/tf_tools/CMakeFiles/CMakeTmp

Run Build Command:"/usr/bin/ninja" "cmTC_a9049"
[1/2] Building C object CMakeFiles/cmTC_a9049.dir/CheckSymbolExists.c.o
[2/2] Linking C executable cmTC_a9049
FAILED: cmTC_a9049 
: && /usr/bin/cc   -rdynamic CMakeFiles/cmTC_a9049.dir/CheckSymbolExists.c.o  -o cmTC_a9049   && :
CMakeFiles/cmTC_a9049.dir/CheckSymbolExists.c.o: In function `main':
CheckSymbolExists.c:(.text+0x1b): undefined reference to `pthread_create'
collect2: error: ld returned 1 exit status
ninja: build stopped: subcommand failed.

File /home/rschmarci/MSC-Thesis-repo/simulation/catkin_ws/build_isolated/tf_tools/CMakeFiles/CMakeTmp/CheckSymbolExists.c:
/* */
#include <pthread.h>

int main(int argc, char** argv)
{
  (void)argv;
#ifndef pthread_create
  return ((int*)(&pthread_create))[argc];
#else
  (void)argc;
  return 0;
#endif
}

Determining if the function pthread_create exists in the pthreads failed with the following output:
Change Dir: /home/rschmarci/MSC-Thesis-repo/simulation/catkin_ws/build_isolated/tf_tools/CMakeFiles/CMakeTmp

Run Build Command:"/usr/bin/ninja" "cmTC_34036"
[1/2] Building C object CMakeFiles/cmTC_34036.dir/CheckFunctionExists.c.o
[2/2] Linking C executable cmTC_34036
FAILED: cmTC_34036 
: && /usr/bin/cc -DCHECK_FUNCTION_EXISTS=pthread_create  -rdynamic CMakeFiles/cmTC_34036.dir/CheckFunctionExists.c.o  -o cmTC_34036  -lpthreads && :
/usr/bin/ld: cannot find -lpthreads
collect2: error: ld returned 1 exit status
ninja: build stopped: subcommand failed.


